2018-01-28T10:07:01.000351Z 0 [Note] mysqld (mysqld 5.7.20) starting as process 1 ...
2018-01-28T10:07:01.007498Z 0 [Note] InnoDB: PUNCH HOLE support available
2018-01-28T10:07:01.007921Z 0 [Note] InnoDB: Mutexes and rw_locks use GCC atomic builtins
2018-01-28T10:07:01.008237Z 0 [Note] InnoDB: Uses event mutexes
2018-01-28T10:07:01.008636Z 0 [Note] InnoDB: GCC builtin __atomic_thread_fence() is used for memory barrier
2018-01-28T10:07:01.008991Z 0 [Note] InnoDB: Compressed tables use zlib 1.2.3
2018-01-28T10:07:01.009431Z 0 [Note] InnoDB: Using Linux native AIO
2018-01-28T10:07:01.009953Z 0 [Note] InnoDB: Number of pools: 1
2018-01-28T10:07:01.010310Z 0 [Note] InnoDB: Using CPU crc32 instructions
2018-01-28T10:07:01.011767Z 0 [Note] InnoDB: Initializing buffer pool, total size = 128M, instances = 1, chunk size = 128M
2018-01-28T10:07:01.019536Z 0 [Note] InnoDB: Completed initialization of buffer pool
2018-01-28T10:07:01.022085Z 0 [Note] InnoDB: If the mysqld execution user is authorized, page cleaner thread priority can be changed. See the man page of setpriority().
2018-01-28T10:07:01.035001Z 0 [Note] InnoDB: Highest supported file format is Barracuda.
2018-01-28T10:07:01.036922Z 0 [Note] InnoDB: Log scan progressed past the checkpoint lsn 2565377
2018-01-28T10:07:01.213703Z 0 [Note] InnoDB: Doing recovery: scanned up to log sequence number 7808000
2018-01-28T10:07:01.334580Z 0 [Note] InnoDB: Doing recovery: scanned up to log sequence number 12160484
2018-01-28T10:07:01.336155Z 0 [Note] InnoDB: Database was not shutdown normally!
2018-01-28T10:07:01.336507Z 0 [Note] InnoDB: Starting crash recovery.
2018-01-28T10:07:01.353696Z 0 [Note] InnoDB: Starting an apply batch of log records to the database...
InnoDB: Progress in percent: 14 15 16 17 18 19 20 21 22 23 24 25 26 27 28 29 30 31 32 33 34 35 36 37 38 39 40 41 42 43 44 45 46 47 48 49 50 51 52 53 54 55 56 57 58 59 60 61 62 63 64 65 66 67 68 69 70 71 72 73 74 75 76 77 78 79 80 81 82 83 84 85 86 87 88 89 90 91 92 93 94 95 96 97 98 99 
2018-01-28T10:07:01.994098Z 0 [Note] InnoDB: Apply batch completed
2018-01-28T10:07:02.102866Z 0 [Note] InnoDB: Removed temporary tablespace data file: "ibtmp1"
2018-01-28T10:07:02.103549Z 0 [Note] InnoDB: Creating shared tablespace for temporary tables
2018-01-28T10:07:02.104098Z 0 [Note] InnoDB: Setting file './ibtmp1' size to 12 MB. Physically writing the file full; Please wait ...
2018-01-28T10:07:02.227280Z 0 [Note] InnoDB: File './ibtmp1' size is now 12 MB.
2018-01-28T10:07:02.229380Z 0 [Note] InnoDB: 96 redo rollback segment(s) found. 96 redo rollback segment(s) are active.
2018-01-28T10:07:02.229980Z 0 [Note] InnoDB: 32 non-redo rollback segment(s) are active.
2018-01-28T10:07:02.231251Z 0 [Note] InnoDB: Waiting for purge to start
2018-01-28T10:07:02.283825Z 0 [Note] InnoDB: 5.7.20 started; log sequence number 12160484
2018-01-28T10:07:02.284740Z 0 [Note] InnoDB: Loading buffer pool(s) from /var/lib/mysql/ib_buffer_pool
2018-01-28T10:07:02.284847Z 0 [Note] Plugin 'FEDERATED' is disabled.
2018-01-28T10:07:02.287021Z 0 [Note] InnoDB: Buffer pool(s) load completed at 180128 10:07:02
2018-01-28T10:07:02.294539Z 0 [Note] Found ca.pem, server-cert.pem and server-key.pem in data directory. Trying to enable SSL support using them.
2018-01-28T10:07:02.295276Z 0 [Warning] CA certificate ca.pem is self signed.
2018-01-28T10:07:02.296648Z 0 [Note] Server hostname (bind-address): '*'; port: 3306
2018-01-28T10:07:02.297025Z 0 [Note] IPv6 is available.
2018-01-28T10:07:02.297367Z 0 [Note]   - '::' resolves to '::';
2018-01-28T10:07:02.297780Z 0 [Note] Server socket created on IP: '::'.
2018-01-28T10:07:02.330126Z 0 [Warning] 'user' entry 'root@localhost' ignored in --skip-name-resolve mode.
2018-01-28T10:07:02.330712Z 0 [Warning] 'user' entry 'mysql.session@localhost' ignored in --skip-name-resolve mode.
2018-01-28T10:07:02.331689Z 0 [Warning] 'user' entry 'mysql.sys@localhost' ignored in --skip-name-resolve mode.
2018-01-28T10:07:02.332107Z 0 [Warning] 'db' entry 'performance_schema mysql.session@localhost' ignored in --skip-name-resolve mode.
2018-01-28T10:07:02.332439Z 0 [Warning] 'db' entry 'sys mysql.sys@localhost' ignored in --skip-name-resolve mode.
2018-01-28T10:07:02.332830Z 0 [Warning] 'proxies_priv' entry '@ root@localhost' ignored in --skip-name-resolve mode.
2018-01-28T10:07:02.335112Z 0 [Warning] 'tables_priv' entry 'user mysql.session@localhost' ignored in --skip-name-resolve mode.
2018-01-28T10:07:02.335481Z 0 [Warning] 'tables_priv' entry 'sys_config mysql.sys@localhost' ignored in --skip-name-resolve mode.
2018-01-28T10:07:02.345062Z 0 [Note] Event Scheduler: Loaded 0 events
2018-01-28T10:07:02.346115Z 0 [Note] mysqld: ready for connections.
Version: '5.7.20'  socket: '/var/run/mysqld/mysqld.sock'  port: 3306  MySQL Community Server (GPL)
2018-01-28T10:07:02.346680Z 0 [Note] Executing 'SELECT * FROM INFORMATION_SCHEMA.TABLES;' to get a list of tables using the deprecated partition engine. You may use the startup option '--disable-partition-engine-check' to skip this check. 
2018-01-28T10:07:02.347031Z 0 [Note] Beginning of list of non-natively partitioned tables
2018-01-28T10:07:02.376233Z 0 [Note] End of list of non-natively partitioned tables
2018-01-28T10:07:15.863813Z 0 [Note] Giving 0 client threads a chance to die gracefully
2018-01-28T10:07:15.864447Z 0 [Note] Shutting down slave threads
2018-01-28T10:07:15.864946Z 0 [Note] Forcefully disconnecting 0 remaining clients
2018-01-28T10:07:15.865295Z 0 [Note] Event Scheduler: Purging the queue. 0 events
2018-01-28T10:07:15.865795Z 0 [Note] Binlog end
2018-01-28T10:07:15.866709Z 0 [Note] Shutting down plugin 'ngram'
2018-01-28T10:07:15.867243Z 0 [Note] Shutting down plugin 'BLACKHOLE'
2018-01-28T10:07:15.867615Z 0 [Note] Shutting down plugin 'partition'
2018-01-28T10:07:15.867923Z 0 [Note] Shutting down plugin 'ARCHIVE'
2018-01-28T10:07:15.868203Z 0 [Note] Shutting down plugin 'INNODB_SYS_VIRTUAL'
2018-01-28T10:07:15.868497Z 0 [Note] Shutting down plugin 'INNODB_SYS_DATAFILES'
2018-01-28T10:07:15.868794Z 0 [Note] Shutting down plugin 'INNODB_SYS_TABLESPACES'
2018-01-28T10:07:15.869069Z 0 [Note] Shutting down plugin 'INNODB_SYS_FOREIGN_COLS'
2018-01-28T10:07:15.869451Z 0 [Note] Shutting down plugin 'INNODB_SYS_FOREIGN'
2018-01-28T10:07:15.869863Z 0 [Note] Shutting down plugin 'INNODB_SYS_FIELDS'
2018-01-28T10:07:15.870165Z 0 [Note] Shutting down plugin 'INNODB_SYS_COLUMNS'
2018-01-28T10:07:15.870443Z 0 [Note] Shutting down plugin 'INNODB_SYS_INDEXES'
2018-01-28T10:07:15.870761Z 0 [Note] Shutting down plugin 'INNODB_SYS_TABLESTATS'
2018-01-28T10:07:15.871109Z 0 [Note] Shutting down plugin 'INNODB_SYS_TABLES'
2018-01-28T10:07:15.871456Z 0 [Note] Shutting down plugin 'INNODB_FT_INDEX_TABLE'
2018-01-28T10:07:15.871898Z 0 [Note] Shutting down plugin 'INNODB_FT_INDEX_CACHE'
2018-01-28T10:07:15.872282Z 0 [Note] Shutting down plugin 'INNODB_FT_CONFIG'
2018-01-28T10:07:15.872609Z 0 [Note] Shutting down plugin 'INNODB_FT_BEING_DELETED'
2018-01-28T10:07:15.872891Z 0 [Note] Shutting down plugin 'INNODB_FT_DELETED'
2018-01-28T10:07:15.873197Z 0 [Note] Shutting down plugin 'INNODB_FT_DEFAULT_STOPWORD'
2018-01-28T10:07:15.873460Z 0 [Note] Shutting down plugin 'INNODB_METRICS'
2018-01-28T10:07:15.873728Z 0 [Note] Shutting down plugin 'INNODB_TEMP_TABLE_INFO'
2018-01-28T10:07:15.874044Z 0 [Note] Shutting down plugin 'INNODB_BUFFER_POOL_STATS'
2018-01-28T10:07:15.874300Z 0 [Note] Shutting down plugin 'INNODB_BUFFER_PAGE_LRU'
2018-01-28T10:07:15.874565Z 0 [Note] Shutting down plugin 'INNODB_BUFFER_PAGE'
2018-01-28T10:07:15.874868Z 0 [Note] Shutting down plugin 'INNODB_CMP_PER_INDEX_RESET'
2018-01-28T10:07:15.875264Z 0 [Note] Shutting down plugin 'INNODB_CMP_PER_INDEX'
2018-01-28T10:07:15.875553Z 0 [Note] Shutting down plugin 'INNODB_CMPMEM_RESET'
2018-01-28T10:07:15.875931Z 0 [Note] Shutting down plugin 'INNODB_CMPMEM'
2018-01-28T10:07:15.876318Z 0 [Note] Shutting down plugin 'INNODB_CMP_RESET'
2018-01-28T10:07:15.876565Z 0 [Note] Shutting down plugin 'INNODB_CMP'
2018-01-28T10:07:15.876846Z 0 [Note] Shutting down plugin 'INNODB_LOCK_WAITS'
2018-01-28T10:07:15.877174Z 0 [Note] Shutting down plugin 'INNODB_LOCKS'
2018-01-28T10:07:15.877543Z 0 [Note] Shutting down plugin 'INNODB_TRX'
2018-01-28T10:07:15.877919Z 0 [Note] Shutting down plugin 'InnoDB'
2018-01-28T10:07:15.878416Z 0 [Note] InnoDB: FTS optimize thread exiting.
2018-01-28T10:07:15.878917Z 0 [Note] InnoDB: Starting shutdown...
2018-01-28T10:07:15.982206Z 0 [Note] InnoDB: Dumping buffer pool(s) to /var/lib/mysql/ib_buffer_pool
2018-01-28T10:07:15.983142Z 0 [Note] InnoDB: Buffer pool(s) dump completed at 180128 10:07:15
2018-01-28T10:07:27.431456Z 0 [Note] mysqld (mysqld 5.7.20) starting as process 1 ...
2018-01-28T10:07:27.438126Z 0 [Note] InnoDB: PUNCH HOLE support available
2018-01-28T10:07:27.438492Z 0 [Note] InnoDB: Mutexes and rw_locks use GCC atomic builtins
2018-01-28T10:07:27.438852Z 0 [Note] InnoDB: Uses event mutexes
2018-01-28T10:07:27.439275Z 0 [Note] InnoDB: GCC builtin __atomic_thread_fence() is used for memory barrier
2018-01-28T10:07:27.439598Z 0 [Note] InnoDB: Compressed tables use zlib 1.2.3
2018-01-28T10:07:27.439915Z 0 [Note] InnoDB: Using Linux native AIO
2018-01-28T10:07:27.440401Z 0 [Note] InnoDB: Number of pools: 1
2018-01-28T10:07:27.440786Z 0 [Note] InnoDB: Using CPU crc32 instructions
2018-01-28T10:07:27.442497Z 0 [Note] InnoDB: Initializing buffer pool, total size = 128M, instances = 1, chunk size = 128M
2018-01-28T10:07:27.448501Z 0 [Note] InnoDB: Completed initialization of buffer pool
2018-01-28T10:07:27.450498Z 0 [Note] InnoDB: If the mysqld execution user is authorized, page cleaner thread priority can be changed. See the man page of setpriority().
2018-01-28T10:07:27.463696Z 0 [Note] InnoDB: Highest supported file format is Barracuda.
2018-01-28T10:07:27.490466Z 0 [Note] InnoDB: Removed temporary tablespace data file: "ibtmp1"
2018-01-28T10:07:27.490989Z 0 [Note] InnoDB: Creating shared tablespace for temporary tables
2018-01-28T10:07:27.491397Z 0 [Note] InnoDB: Setting file './ibtmp1' size to 12 MB. Physically writing the file full; Please wait ...
2018-01-28T10:07:27.568855Z 0 [Note] InnoDB: File './ibtmp1' size is now 12 MB.
2018-01-28T10:07:27.570725Z 0 [Note] InnoDB: 96 redo rollback segment(s) found. 96 redo rollback segment(s) are active.
2018-01-28T10:07:27.571213Z 0 [Note] InnoDB: 32 non-redo rollback segment(s) are active.
2018-01-28T10:07:27.572418Z 0 [Note] InnoDB: 5.7.20 started; log sequence number 12161715
2018-01-28T10:07:27.573155Z 0 [Note] InnoDB: Loading buffer pool(s) from /var/lib/mysql/ib_buffer_pool
2018-01-28T10:07:27.573243Z 0 [Note] Plugin 'FEDERATED' is disabled.
2018-01-28T10:07:27.577680Z 0 [Note] InnoDB: Buffer pool(s) load completed at 180128 10:07:27
2018-01-28T10:07:27.578841Z 0 [Note] Found ca.pem, server-cert.pem and server-key.pem in data directory. Trying to enable SSL support using them.
2018-01-28T10:07:27.579452Z 0 [Warning] CA certificate ca.pem is self signed.
2018-01-28T10:07:27.581139Z 0 [Note] Server hostname (bind-address): '*'; port: 3306
2018-01-28T10:07:27.581536Z 0 [Note] IPv6 is available.
2018-01-28T10:07:27.581888Z 0 [Note]   - '::' resolves to '::';
2018-01-28T10:07:27.582216Z 0 [Note] Server socket created on IP: '::'.
2018-01-28T10:07:27.585917Z 0 [Warning] 'user' entry 'root@localhost' ignored in --skip-name-resolve mode.
2018-01-28T10:07:27.586437Z 0 [Warning] 'user' entry 'mysql.session@localhost' ignored in --skip-name-resolve mode.
2018-01-28T10:07:27.586786Z 0 [Warning] 'user' entry 'mysql.sys@localhost' ignored in --skip-name-resolve mode.
2018-01-28T10:07:27.587067Z 0 [Warning] 'db' entry 'performance_schema mysql.session@localhost' ignored in --skip-name-resolve mode.
2018-01-28T10:07:27.587331Z 0 [Warning] 'db' entry 'sys mysql.sys@localhost' ignored in --skip-name-resolve mode.
2018-01-28T10:07:27.587908Z 0 [Warning] 'proxies_priv' entry '@ root@localhost' ignored in --skip-name-resolve mode.
2018-01-28T10:07:27.589938Z 0 [Warning] 'tables_priv' entry 'user mysql.session@localhost' ignored in --skip-name-resolve mode.
2018-01-28T10:07:27.590349Z 0 [Warning] 'tables_priv' entry 'sys_config mysql.sys@localhost' ignored in --skip-name-resolve mode.
2018-01-28T10:07:27.595345Z 0 [Note] Event Scheduler: Loaded 0 events
2018-01-28T10:07:27.596230Z 0 [Note] mysqld: ready for connections.
Version: '5.7.20'  socket: '/var/run/mysqld/mysqld.sock'  port: 3306  MySQL Community Server (GPL)
2018-01-28T10:07:27.596587Z 0 [Note] Executing 'SELECT * FROM INFORMATION_SCHEMA.TABLES;' to get a list of tables using the deprecated partition engine. You may use the startup option '--disable-partition-engine-check' to skip this check. 
2018-01-28T10:07:27.596873Z 0 [Note] Beginning of list of non-natively partitioned tables
2018-01-28T10:07:27.605584Z 0 [Note] End of list of non-natively partitioned tables
2018-01-28T10:10:26.963780Z 0 [Note] Giving 0 client threads a chance to die gracefully
2018-01-28T10:10:26.965078Z 0 [Note] Shutting down slave threads
2018-01-28T10:10:26.965494Z 0 [Note] Forcefully disconnecting 0 remaining clients
2018-01-28T10:10:26.965753Z 0 [Note] Event Scheduler: Purging the queue. 0 events
2018-01-28T10:10:26.966668Z 0 [Note] Binlog end
2018-01-28T10:10:26.967447Z 0 [Note] Shutting down plugin 'ngram'
2018-01-28T10:10:26.967816Z 0 [Note] Shutting down plugin 'BLACKHOLE'
2018-01-28T10:10:26.968188Z 0 [Note] Shutting down plugin 'partition'
2018-01-28T10:10:26.968579Z 0 [Note] Shutting down plugin 'ARCHIVE'
2018-01-28T10:10:26.968964Z 0 [Note] Shutting down plugin 'INNODB_SYS_VIRTUAL'
2018-01-28T10:10:26.969269Z 0 [Note] Shutting down plugin 'INNODB_SYS_DATAFILES'
2018-01-28T10:10:26.969591Z 0 [Note] Shutting down plugin 'INNODB_SYS_TABLESPACES'
2018-01-28T10:10:26.969970Z 0 [Note] Shutting down plugin 'INNODB_SYS_FOREIGN_COLS'
2018-01-28T10:10:26.970316Z 0 [Note] Shutting down plugin 'INNODB_SYS_FOREIGN'
2018-01-28T10:10:26.970617Z 0 [Note] Shutting down plugin 'INNODB_SYS_FIELDS'
2018-01-28T10:10:26.970905Z 0 [Note] Shutting down plugin 'INNODB_SYS_COLUMNS'
2018-01-28T10:10:26.971180Z 0 [Note] Shutting down plugin 'INNODB_SYS_INDEXES'
2018-01-28T10:10:26.971468Z 0 [Note] Shutting down plugin 'INNODB_SYS_TABLESTATS'
2018-01-28T10:10:26.971859Z 0 [Note] Shutting down plugin 'INNODB_SYS_TABLES'
2018-01-28T10:10:26.972170Z 0 [Note] Shutting down plugin 'INNODB_FT_INDEX_TABLE'
2018-01-28T10:10:26.972469Z 0 [Note] Shutting down plugin 'INNODB_FT_INDEX_CACHE'
2018-01-28T10:10:26.972761Z 0 [Note] Shutting down plugin 'INNODB_FT_CONFIG'
2018-01-28T10:10:26.973055Z 0 [Note] Shutting down plugin 'INNODB_FT_BEING_DELETED'
2018-01-28T10:10:26.973329Z 0 [Note] Shutting down plugin 'INNODB_FT_DELETED'
2018-01-28T10:10:26.973602Z 0 [Note] Shutting down plugin 'INNODB_FT_DEFAULT_STOPWORD'
2018-01-28T10:10:26.973896Z 0 [Note] Shutting down plugin 'INNODB_METRICS'
2018-01-28T10:10:26.974173Z 0 [Note] Shutting down plugin 'INNODB_TEMP_TABLE_INFO'
2018-01-28T10:10:26.974391Z 0 [Note] Shutting down plugin 'INNODB_BUFFER_POOL_STATS'
2018-01-28T10:10:26.974692Z 0 [Note] Shutting down plugin 'INNODB_BUFFER_PAGE_LRU'
2018-01-28T10:10:26.974979Z 0 [Note] Shutting down plugin 'INNODB_BUFFER_PAGE'
2018-01-28T10:10:26.975397Z 0 [Note] Shutting down plugin 'INNODB_CMP_PER_INDEX_RESET'
2018-01-28T10:10:26.975816Z 0 [Note] Shutting down plugin 'INNODB_CMP_PER_INDEX'
2018-01-28T10:10:26.976287Z 0 [Note] Shutting down plugin 'INNODB_CMPMEM_RESET'
2018-01-28T10:10:26.976633Z 0 [Note] Shutting down plugin 'INNODB_CMPMEM'
2018-01-28T10:10:26.976930Z 0 [Note] Shutting down plugin 'INNODB_CMP_RESET'
2018-01-28T10:10:26.977248Z 0 [Note] Shutting down plugin 'INNODB_CMP'
2018-01-28T10:10:26.977554Z 0 [Note] Shutting down plugin 'INNODB_LOCK_WAITS'
2018-01-28T10:10:26.977915Z 0 [Note] Shutting down plugin 'INNODB_LOCKS'
2018-01-28T10:10:26.978362Z 0 [Note] Shutting down plugin 'INNODB_TRX'
2018-01-28T10:10:26.978770Z 0 [Note] Shutting down plugin 'InnoDB'
2018-01-28T10:10:26.979219Z 0 [Note] InnoDB: FTS optimize thread exiting.
2018-01-28T10:10:26.979712Z 0 [Note] InnoDB: Starting shutdown...
2018-01-28T10:10:27.083326Z 0 [Note] InnoDB: Dumping buffer pool(s) to /var/lib/mysql/ib_buffer_pool
2018-01-28T10:10:27.084291Z 0 [Note] InnoDB: Buffer pool(s) dump completed at 180128 10:10:27
2018-01-28T10:10:28.737357Z 0 [Note] InnoDB: Shutdown completed; log sequence number 12161743
2018-01-28T10:10:28.741620Z 0 [Note] InnoDB: Removed temporary tablespace data file: "ibtmp1"
2018-01-28T10:10:28.742083Z 0 [Note] Shutting down plugin 'MRG_MYISAM'
2018-01-28T10:10:28.742431Z 0 [Note] Shutting down plugin 'MyISAM'
2018-01-28T10:10:28.742827Z 0 [Note] Shutting down plugin 'CSV'
2018-01-28T10:10:28.743166Z 0 [Note] Shutting down plugin 'MEMORY'
2018-01-28T10:10:28.743522Z 0 [Note] Shutting down plugin 'PERFORMANCE_SCHEMA'
2018-01-28T10:10:28.743854Z 0 [Note] Shutting down plugin 'sha256_password'
2018-01-28T10:10:28.744192Z 0 [Note] Shutting down plugin 'mysql_native_password'
2018-01-28T10:10:28.744659Z 0 [Note] Shutting down plugin 'binlog'
2018-01-28T10:10:28.748175Z 0 [Note] mysqld: Shutdown complete

2018-01-28T10:11:46.718980Z 0 [Warning] InnoDB: New log files created, LSN=45790
2018-01-28T10:11:46.865321Z 0 [Warning] InnoDB: Creating foreign key constraint system tables.
2018-01-28T10:11:46.881676Z 0 [Warning] No existing UUID has been found, so we assume that this is the first time that this server has been started. Generating a new UUID: a5e324f7-0413-11e8-a168-0242ac130002.
2018-01-28T10:11:46.883917Z 0 [Warning] Gtid table is not ready to be used. Table 'mysql.gtid_executed' cannot be opened.
2018-01-28T10:11:46.885227Z 1 [Warning] root@localhost is created with an empty password ! Please consider switching off the --initialize-insecure option.
2018-01-28T10:11:47.607387Z 1 [Warning] 'user' entry 'root@localhost' ignored in --skip-name-resolve mode.
2018-01-28T10:11:47.607873Z 1 [Warning] 'user' entry 'mysql.session@localhost' ignored in --skip-name-resolve mode.
2018-01-28T10:11:47.608278Z 1 [Warning] 'user' entry 'mysql.sys@localhost' ignored in --skip-name-resolve mode.
2018-01-28T10:11:47.608603Z 1 [Warning] 'db' entry 'performance_schema mysql.session@localhost' ignored in --skip-name-resolve mode.
2018-01-28T10:11:47.608983Z 1 [Warning] 'db' entry 'sys mysql.sys@localhost' ignored in --skip-name-resolve mode.
2018-01-28T10:11:47.609398Z 1 [Warning] 'proxies_priv' entry '@ root@localhost' ignored in --skip-name-resolve mode.
2018-01-28T10:11:47.609819Z 1 [Warning] 'tables_priv' entry 'user mysql.session@localhost' ignored in --skip-name-resolve mode.
2018-01-28T10:11:47.610238Z 1 [Warning] 'tables_priv' entry 'sys_config mysql.sys@localhost' ignored in --skip-name-resolve mode.
2018-01-28T10:11:51.015447Z 0 [Note] mysqld (mysqld 5.7.20) starting as process 89 ...
2018-01-28T10:11:51.022911Z 0 [Note] InnoDB: PUNCH HOLE support available
2018-01-28T10:11:51.023347Z 0 [Note] InnoDB: Mutexes and rw_locks use GCC atomic builtins
2018-01-28T10:11:51.023703Z 0 [Note] InnoDB: Uses event mutexes
2018-01-28T10:11:51.024223Z 0 [Note] InnoDB: GCC builtin __atomic_thread_fence() is used for memory barrier
2018-01-28T10:11:51.024897Z 0 [Note] InnoDB: Compressed tables use zlib 1.2.3
2018-01-28T10:11:51.025327Z 0 [Note] InnoDB: Using Linux native AIO
2018-01-28T10:11:51.026315Z 0 [Note] InnoDB: Number of pools: 1
2018-01-28T10:11:51.026879Z 0 [Note] InnoDB: Using CPU crc32 instructions
2018-01-28T10:11:51.028992Z 0 [Note] InnoDB: Initializing buffer pool, total size = 128M, instances = 1, chunk size = 128M
2018-01-28T10:11:51.040049Z 0 [Note] InnoDB: Completed initialization of buffer pool
2018-01-28T10:11:51.043043Z 0 [Note] InnoDB: If the mysqld execution user is authorized, page cleaner thread priority can be changed. See the man page of setpriority().
2018-01-28T10:11:51.055216Z 0 [Note] InnoDB: Highest supported file format is Barracuda.
2018-01-28T10:11:51.066987Z 0 [Note] InnoDB: Creating shared tablespace for temporary tables
2018-01-28T10:11:51.067482Z 0 [Note] InnoDB: Setting file './ibtmp1' size to 12 MB. Physically writing the file full; Please wait ...
2018-01-28T10:11:51.183779Z 0 [Note] InnoDB: File './ibtmp1' size is now 12 MB.
2018-01-28T10:11:51.185672Z 0 [Note] InnoDB: 96 redo rollback segment(s) found. 96 redo rollback segment(s) are active.
2018-01-28T10:11:51.186343Z 0 [Note] InnoDB: 32 non-redo rollback segment(s) are active.
2018-01-28T10:11:51.187767Z 0 [Note] InnoDB: Waiting for purge to start
2018-01-28T10:11:51.238738Z 0 [Note] InnoDB: 5.7.20 started; log sequence number 2565377
2018-01-28T10:11:51.239605Z 0 [Note] InnoDB: Loading buffer pool(s) from /var/lib/mysql/ib_buffer_pool
2018-01-28T10:11:51.239869Z 0 [Note] Plugin 'FEDERATED' is disabled.
2018-01-28T10:11:51.241694Z 0 [Note] InnoDB: Buffer pool(s) load completed at 180128 10:11:51
2018-01-28T10:11:51.245826Z 0 [Note] Found ca.pem, server-cert.pem and server-key.pem in data directory. Trying to enable SSL support using them.
2018-01-28T10:11:51.246550Z 0 [Warning] CA certificate ca.pem is self signed.
2018-01-28T10:11:51.251767Z 0 [Warning] 'user' entry 'root@localhost' ignored in --skip-name-resolve mode.
2018-01-28T10:11:51.252280Z 0 [Warning] 'user' entry 'mysql.session@localhost' ignored in --skip-name-resolve mode.
2018-01-28T10:11:51.252598Z 0 [Warning] 'user' entry 'mysql.sys@localhost' ignored in --skip-name-resolve mode.
2018-01-28T10:11:51.252903Z 0 [Warning] 'db' entry 'performance_schema mysql.session@localhost' ignored in --skip-name-resolve mode.
2018-01-28T10:11:51.253189Z 0 [Warning] 'db' entry 'sys mysql.sys@localhost' ignored in --skip-name-resolve mode.
2018-01-28T10:11:51.253488Z 0 [Warning] 'proxies_priv' entry '@ root@localhost' ignored in --skip-name-resolve mode.
2018-01-28T10:11:51.255008Z 0 [Warning] 'tables_priv' entry 'user mysql.session@localhost' ignored in --skip-name-resolve mode.
2018-01-28T10:11:51.255374Z 0 [Warning] 'tables_priv' entry 'sys_config mysql.sys@localhost' ignored in --skip-name-resolve mode.
2018-01-28T10:11:51.261343Z 0 [Note] Event Scheduler: Loaded 0 events
2018-01-28T10:11:51.262124Z 0 [Note] mysqld: ready for connections.
Version: '5.7.20'  socket: '/var/run/mysqld/mysqld.sock'  port: 0  MySQL Community Server (GPL)
2018-01-28T10:11:51.262434Z 0 [Note] Executing 'SELECT * FROM INFORMATION_SCHEMA.TABLES;' to get a list of tables using the deprecated partition engine. You may use the startup option '--disable-partition-engine-check' to skip this check. 
2018-01-28T10:11:51.262678Z 0 [Note] Beginning of list of non-natively partitioned tables
2018-01-28T10:11:51.271984Z 0 [Note] End of list of non-natively partitioned tables
2018-01-28T10:11:55.567428Z 5 [Warning] 'user' entry 'root@localhost' ignored in --skip-name-resolve mode.
2018-01-28T10:11:55.567925Z 5 [Warning] 'user' entry 'mysql.session@localhost' ignored in --skip-name-resolve mode.
2018-01-28T10:11:55.568308Z 5 [Warning] 'user' entry 'mysql.sys@localhost' ignored in --skip-name-resolve mode.
2018-01-28T10:11:55.568701Z 5 [Warning] 'db' entry 'performance_schema mysql.session@localhost' ignored in --skip-name-resolve mode.
2018-01-28T10:11:55.569077Z 5 [Warning] 'db' entry 'sys mysql.sys@localhost' ignored in --skip-name-resolve mode.
2018-01-28T10:11:55.569461Z 5 [Warning] 'proxies_priv' entry '@ root@localhost' ignored in --skip-name-resolve mode.
2018-01-28T10:11:55.569822Z 5 [Warning] 'tables_priv' entry 'user mysql.session@localhost' ignored in --skip-name-resolve mode.
2018-01-28T10:11:55.570243Z 5 [Warning] 'tables_priv' entry 'sys_config mysql.sys@localhost' ignored in --skip-name-resolve mode.
2018-01-28T10:11:55.649161Z 0 [Note] Giving 0 client threads a chance to die gracefully
2018-01-28T10:11:55.649589Z 0 [Note] Shutting down slave threads
2018-01-28T10:11:55.649864Z 0 [Note] Forcefully disconnecting 0 remaining clients
2018-01-28T10:11:55.650315Z 0 [Note] Event Scheduler: Purging the queue. 0 events
2018-01-28T10:11:55.650839Z 0 [Note] Binlog end
2018-01-28T10:11:55.652285Z 0 [Note] Shutting down plugin 'ngram'
2018-01-28T10:11:55.652755Z 0 [Note] Shutting down plugin 'BLACKHOLE'
2018-01-28T10:11:55.653004Z 0 [Note] Shutting down plugin 'partition'
2018-01-28T10:11:55.653352Z 0 [Note] Shutting down plugin 'ARCHIVE'
2018-01-28T10:11:55.653689Z 0 [Note] Shutting down plugin 'INNODB_SYS_VIRTUAL'
2018-01-28T10:11:55.653968Z 0 [Note] Shutting down plugin 'INNODB_SYS_DATAFILES'
2018-01-28T10:11:55.654212Z 0 [Note] Shutting down plugin 'INNODB_SYS_TABLESPACES'
2018-01-28T10:11:55.654450Z 0 [Note] Shutting down plugin 'INNODB_SYS_FOREIGN_COLS'
2018-01-28T10:11:55.654777Z 0 [Note] Shutting down plugin 'INNODB_SYS_FOREIGN'
2018-01-28T10:11:55.655167Z 0 [Note] Shutting down plugin 'INNODB_SYS_FIELDS'
2018-01-28T10:11:55.655453Z 0 [Note] Shutting down plugin 'INNODB_SYS_COLUMNS'
2018-01-28T10:11:55.655742Z 0 [Note] Shutting down plugin 'INNODB_SYS_INDEXES'
2018-01-28T10:11:55.656049Z 0 [Note] Shutting down plugin 'INNODB_SYS_TABLESTATS'
2018-01-28T10:11:55.656307Z 0 [Note] Shutting down plugin 'INNODB_SYS_TABLES'
2018-01-28T10:11:55.656572Z 0 [Note] Shutting down plugin 'INNODB_FT_INDEX_TABLE'
2018-01-28T10:11:55.656832Z 0 [Note] Shutting down plugin 'INNODB_FT_INDEX_CACHE'
2018-01-28T10:11:55.657126Z 0 [Note] Shutting down plugin 'INNODB_FT_CONFIG'
2018-01-28T10:11:55.657434Z 0 [Note] Shutting down plugin 'INNODB_FT_BEING_DELETED'
2018-01-28T10:11:55.657661Z 0 [Note] Shutting down plugin 'INNODB_FT_DELETED'
2018-01-28T10:11:55.657880Z 0 [Note] Shutting down plugin 'INNODB_FT_DEFAULT_STOPWORD'
2018-01-28T10:11:55.658134Z 0 [Note] Shutting down plugin 'INNODB_METRICS'
2018-01-28T10:11:55.658379Z 0 [Note] Shutting down plugin 'INNODB_TEMP_TABLE_INFO'
2018-01-28T10:11:55.658608Z 0 [Note] Shutting down plugin 'INNODB_BUFFER_POOL_STATS'
2018-01-28T10:11:55.658859Z 0 [Note] Shutting down plugin 'INNODB_BUFFER_PAGE_LRU'
2018-01-28T10:11:55.659111Z 0 [Note] Shutting down plugin 'INNODB_BUFFER_PAGE'
2018-01-28T10:11:55.659343Z 0 [Note] Shutting down plugin 'INNODB_CMP_PER_INDEX_RESET'
2018-01-28T10:11:55.659730Z 0 [Note] Shutting down plugin 'INNODB_CMP_PER_INDEX'
2018-01-28T10:11:55.659979Z 0 [Note] Shutting down plugin 'INNODB_CMPMEM_RESET'
2018-01-28T10:11:55.660246Z 0 [Note] Shutting down plugin 'INNODB_CMPMEM'
2018-01-28T10:11:55.660506Z 0 [Note] Shutting down plugin 'INNODB_CMP_RESET'
2018-01-28T10:11:55.660778Z 0 [Note] Shutting down plugin 'INNODB_CMP'
2018-01-28T10:11:55.661009Z 0 [Note] Shutting down plugin 'INNODB_LOCK_WAITS'
2018-01-28T10:11:55.661252Z 0 [Note] Shutting down plugin 'INNODB_LOCKS'
2018-01-28T10:11:55.661480Z 0 [Note] Shutting down plugin 'INNODB_TRX'
2018-01-28T10:11:55.661707Z 0 [Note] Shutting down plugin 'InnoDB'
2018-01-28T10:11:55.662047Z 0 [Note] InnoDB: FTS optimize thread exiting.
2018-01-28T10:11:55.662463Z 0 [Note] InnoDB: Starting shutdown...
2018-01-28T10:11:55.765068Z 0 [Note] InnoDB: Dumping buffer pool(s) to /var/lib/mysql/ib_buffer_pool
2018-01-28T10:11:55.766153Z 0 [Note] InnoDB: Buffer pool(s) dump completed at 180128 10:11:55
2018-01-28T10:11:57.107316Z 0 [Note] InnoDB: Shutdown completed; log sequence number 12164128
2018-01-28T10:11:57.111060Z 0 [Note] InnoDB: Removed temporary tablespace data file: "ibtmp1"
2018-01-28T10:11:57.111563Z 0 [Note] Shutting down plugin 'MRG_MYISAM'
2018-01-28T10:11:57.111927Z 0 [Note] Shutting down plugin 'MyISAM'
2018-01-28T10:11:57.112288Z 0 [Note] Shutting down plugin 'CSV'
2018-01-28T10:11:57.112488Z 0 [Note] Shutting down plugin 'MEMORY'
2018-01-28T10:11:57.112735Z 0 [Note] Shutting down plugin 'PERFORMANCE_SCHEMA'
2018-01-28T10:11:57.113034Z 0 [Note] Shutting down plugin 'sha256_password'
2018-01-28T10:11:57.113307Z 0 [Note] Shutting down plugin 'mysql_native_password'
2018-01-28T10:11:57.113755Z 0 [Note] Shutting down plugin 'binlog'
2018-01-28T10:11:57.117622Z 0 [Note] mysqld: Shutdown complete

2018-01-28T10:11:57.424941Z 0 [Note] mysqld (mysqld 5.7.20) starting as process 1 ...
2018-01-28T10:11:57.431384Z 0 [Note] InnoDB: PUNCH HOLE support available
2018-01-28T10:11:57.431660Z 0 [Note] InnoDB: Mutexes and rw_locks use GCC atomic builtins
2018-01-28T10:11:57.431951Z 0 [Note] InnoDB: Uses event mutexes
2018-01-28T10:11:57.432199Z 0 [Note] InnoDB: GCC builtin __atomic_thread_fence() is used for memory barrier
2018-01-28T10:11:57.432483Z 0 [Note] InnoDB: Compressed tables use zlib 1.2.3
2018-01-28T10:11:57.432748Z 0 [Note] InnoDB: Using Linux native AIO
2018-01-28T10:11:57.433260Z 0 [Note] InnoDB: Number of pools: 1
2018-01-28T10:11:57.433635Z 0 [Note] InnoDB: Using CPU crc32 instructions
2018-01-28T10:11:57.435033Z 0 [Note] InnoDB: Initializing buffer pool, total size = 128M, instances = 1, chunk size = 128M
2018-01-28T10:11:57.441800Z 0 [Note] InnoDB: Completed initialization of buffer pool
2018-01-28T10:11:57.443944Z 0 [Note] InnoDB: If the mysqld execution user is authorized, page cleaner thread priority can be changed. See the man page of setpriority().
2018-01-28T10:11:57.456170Z 0 [Note] InnoDB: Highest supported file format is Barracuda.
2018-01-28T10:11:57.472868Z 0 [Note] InnoDB: Creating shared tablespace for temporary tables
2018-01-28T10:11:57.473337Z 0 [Note] InnoDB: Setting file './ibtmp1' size to 12 MB. Physically writing the file full; Please wait ...
2018-01-28T10:11:57.558727Z 0 [Note] InnoDB: File './ibtmp1' size is now 12 MB.
2018-01-28T10:11:57.559897Z 0 [Note] InnoDB: 96 redo rollback segment(s) found. 96 redo rollback segment(s) are active.
2018-01-28T10:11:57.560172Z 0 [Note] InnoDB: 32 non-redo rollback segment(s) are active.
2018-01-28T10:11:57.561057Z 0 [Note] InnoDB: Waiting for purge to start
2018-01-28T10:11:57.611765Z 0 [Note] InnoDB: 5.7.20 started; log sequence number 12164128
2018-01-28T10:11:57.612654Z 0 [Note] InnoDB: Loading buffer pool(s) from /var/lib/mysql/ib_buffer_pool
2018-01-28T10:11:57.612808Z 0 [Note] Plugin 'FEDERATED' is disabled.
2018-01-28T10:11:57.617429Z 0 [Note] InnoDB: Buffer pool(s) load completed at 180128 10:11:57
2018-01-28T10:11:57.621374Z 0 [Note] Found ca.pem, server-cert.pem and server-key.pem in data directory. Trying to enable SSL support using them.
2018-01-28T10:11:57.622033Z 0 [Warning] CA certificate ca.pem is self signed.
2018-01-28T10:11:57.624149Z 0 [Note] Server hostname (bind-address): '*'; port: 3306
2018-01-28T10:11:57.624510Z 0 [Note] IPv6 is available.
2018-01-28T10:11:57.624861Z 0 [Note]   - '::' resolves to '::';
2018-01-28T10:11:57.625254Z 0 [Note] Server socket created on IP: '::'.
2018-01-28T10:11:57.629216Z 0 [Warning] 'user' entry 'root@localhost' ignored in --skip-name-resolve mode.
2018-01-28T10:11:57.629604Z 0 [Warning] 'user' entry 'mysql.session@localhost' ignored in --skip-name-resolve mode.
2018-01-28T10:11:57.629925Z 0 [Warning] 'user' entry 'mysql.sys@localhost' ignored in --skip-name-resolve mode.
2018-01-28T10:11:57.630262Z 0 [Warning] 'db' entry 'performance_schema mysql.session@localhost' ignored in --skip-name-resolve mode.
2018-01-28T10:11:57.630616Z 0 [Warning] 'db' entry 'sys mysql.sys@localhost' ignored in --skip-name-resolve mode.
2018-01-28T10:11:57.630935Z 0 [Warning] 'proxies_priv' entry '@ root@localhost' ignored in --skip-name-resolve mode.
2018-01-28T10:11:57.634471Z 0 [Warning] 'tables_priv' entry 'user mysql.session@localhost' ignored in --skip-name-resolve mode.
2018-01-28T10:11:57.634922Z 0 [Warning] 'tables_priv' entry 'sys_config mysql.sys@localhost' ignored in --skip-name-resolve mode.
2018-01-28T10:11:57.644068Z 0 [Note] Event Scheduler: Loaded 0 events
2018-01-28T10:11:57.644888Z 0 [Note] mysqld: ready for connections.
Version: '5.7.20'  socket: '/var/run/mysqld/mysqld.sock'  port: 3306  MySQL Community Server (GPL)
2018-01-28T10:11:57.645216Z 0 [Note] Executing 'SELECT * FROM INFORMATION_SCHEMA.TABLES;' to get a list of tables using the deprecated partition engine. You may use the startup option '--disable-partition-engine-check' to skip this check. 
2018-01-28T10:11:57.645526Z 0 [Note] Beginning of list of non-natively partitioned tables
2018-01-28T10:11:57.656711Z 0 [Note] End of list of non-natively partitioned tables
2018-01-28T10:12:16.666265Z 0 [Note] mysqld (mysqld 5.7.20) starting as process 1 ...
2018-01-28T10:12:16.675011Z 0 [Note] InnoDB: PUNCH HOLE support available
2018-01-28T10:12:16.675444Z 0 [Note] InnoDB: Mutexes and rw_locks use GCC atomic builtins
2018-01-28T10:12:16.675898Z 0 [Note] InnoDB: Uses event mutexes
2018-01-28T10:12:16.676321Z 0 [Note] InnoDB: GCC builtin __atomic_thread_fence() is used for memory barrier
2018-01-28T10:12:16.676680Z 0 [Note] InnoDB: Compressed tables use zlib 1.2.3
2018-01-28T10:12:16.677022Z 0 [Note] InnoDB: Using Linux native AIO
2018-01-28T10:12:16.677479Z 0 [Note] InnoDB: Number of pools: 1
2018-01-28T10:12:16.677948Z 0 [Note] InnoDB: Using CPU crc32 instructions
2018-01-28T10:12:16.679663Z 0 [Note] InnoDB: Initializing buffer pool, total size = 128M, instances = 1, chunk size = 128M
2018-01-28T10:12:16.685621Z 0 [Note] InnoDB: Completed initialization of buffer pool
2018-01-28T10:12:16.688138Z 0 [Note] InnoDB: If the mysqld execution user is authorized, page cleaner thread priority can be changed. See the man page of setpriority().
2018-01-28T10:12:16.700673Z 0 [Note] InnoDB: Highest supported file format is Barracuda.
2018-01-28T10:12:16.702911Z 0 [Note] InnoDB: Log scan progressed past the checkpoint lsn 12164147
2018-01-28T10:12:16.703637Z 0 [Note] InnoDB: Doing recovery: scanned up to log sequence number 12164156
2018-01-28T10:12:16.704149Z 0 [Note] InnoDB: Database was not shutdown normally!
2018-01-28T10:12:16.704720Z 0 [Note] InnoDB: Starting crash recovery.
2018-01-28T10:12:16.833899Z 0 [Note] InnoDB: Removed temporary tablespace data file: "ibtmp1"
2018-01-28T10:12:16.834666Z 0 [Note] InnoDB: Creating shared tablespace for temporary tables
2018-01-28T10:12:16.835325Z 0 [Note] InnoDB: Setting file './ibtmp1' size to 12 MB. Physically writing the file full; Please wait ...
2018-01-28T10:12:16.930001Z 0 [Note] InnoDB: File './ibtmp1' size is now 12 MB.
2018-01-28T10:12:16.931950Z 0 [Note] InnoDB: 96 redo rollback segment(s) found. 96 redo rollback segment(s) are active.
2018-01-28T10:12:16.932524Z 0 [Note] InnoDB: 32 non-redo rollback segment(s) are active.
2018-01-28T10:12:16.933825Z 0 [Note] InnoDB: Waiting for purge to start
2018-01-28T10:12:16.986521Z 0 [Note] InnoDB: 5.7.20 started; log sequence number 12164156
2018-01-28T10:12:16.987980Z 0 [Note] InnoDB: Loading buffer pool(s) from /var/lib/mysql/ib_buffer_pool
2018-01-28T10:12:16.988196Z 0 [Note] Plugin 'FEDERATED' is disabled.
2018-01-28T10:12:16.993377Z 0 [Note] InnoDB: Buffer pool(s) load completed at 180128 10:12:16
2018-01-28T10:12:16.998391Z 0 [Note] Found ca.pem, server-cert.pem and server-key.pem in data directory. Trying to enable SSL support using them.
2018-01-28T10:12:16.999073Z 0 [Warning] CA certificate ca.pem is self signed.
2018-01-28T10:12:17.000705Z 0 [Note] Server hostname (bind-address): '*'; port: 3306
2018-01-28T10:12:17.001113Z 0 [Note] IPv6 is available.
2018-01-28T10:12:17.001502Z 0 [Note]   - '::' resolves to '::';
2018-01-28T10:12:17.002034Z 0 [Note] Server socket created on IP: '::'.
2018-01-28T10:12:17.005348Z 0 [Warning] 'user' entry 'root@localhost' ignored in --skip-name-resolve mode.
2018-01-28T10:12:17.005776Z 0 [Warning] 'user' entry 'mysql.session@localhost' ignored in --skip-name-resolve mode.
2018-01-28T10:12:17.006227Z 0 [Warning] 'user' entry 'mysql.sys@localhost' ignored in --skip-name-resolve mode.
2018-01-28T10:12:17.006581Z 0 [Warning] 'db' entry 'performance_schema mysql.session@localhost' ignored in --skip-name-resolve mode.
2018-01-28T10:12:17.006936Z 0 [Warning] 'db' entry 'sys mysql.sys@localhost' ignored in --skip-name-resolve mode.
2018-01-28T10:12:17.007287Z 0 [Warning] 'proxies_priv' entry '@ root@localhost' ignored in --skip-name-resolve mode.
2018-01-28T10:12:17.009513Z 0 [Warning] 'tables_priv' entry 'user mysql.session@localhost' ignored in --skip-name-resolve mode.
2018-01-28T10:12:17.010029Z 0 [Warning] 'tables_priv' entry 'sys_config mysql.sys@localhost' ignored in --skip-name-resolve mode.
2018-01-28T10:12:17.015595Z 0 [Note] Event Scheduler: Loaded 0 events
2018-01-28T10:12:17.016416Z 0 [Note] mysqld: ready for connections.
Version: '5.7.20'  socket: '/var/run/mysqld/mysqld.sock'  port: 3306  MySQL Community Server (GPL)
2018-01-28T10:12:17.016859Z 0 [Note] Executing 'SELECT * FROM INFORMATION_SCHEMA.TABLES;' to get a list of tables using the deprecated partition engine. You may use the startup option '--disable-partition-engine-check' to skip this check. 
2018-01-28T10:12:17.017202Z 0 [Note] Beginning of list of non-natively partitioned tables
2018-01-28T10:12:17.026211Z 0 [Note] End of list of non-natively partitioned tables
2018-01-28T10:23:19.957468Z 0 [Warning] InnoDB: New log files created, LSN=45790
2018-01-28T10:23:20.074101Z 0 [Warning] InnoDB: Creating foreign key constraint system tables.
2018-01-28T10:23:20.088880Z 0 [Warning] No existing UUID has been found, so we assume that this is the first time that this server has been started. Generating a new UUID: 43122b38-0415-11e8-aefe-0242ac130002.
2018-01-28T10:23:20.091519Z 0 [Warning] Gtid table is not ready to be used. Table 'mysql.gtid_executed' cannot be opened.
2018-01-28T10:23:20.092766Z 1 [Warning] root@localhost is created with an empty password ! Please consider switching off the --initialize-insecure option.
2018-01-28T10:23:20.832210Z 1 [Warning] 'user' entry 'root@localhost' ignored in --skip-name-resolve mode.
2018-01-28T10:23:20.832907Z 1 [Warning] 'user' entry 'mysql.session@localhost' ignored in --skip-name-resolve mode.
2018-01-28T10:23:20.833518Z 1 [Warning] 'user' entry 'mysql.sys@localhost' ignored in --skip-name-resolve mode.
2018-01-28T10:23:20.834192Z 1 [Warning] 'db' entry 'performance_schema mysql.session@localhost' ignored in --skip-name-resolve mode.
2018-01-28T10:23:20.834812Z 1 [Warning] 'db' entry 'sys mysql.sys@localhost' ignored in --skip-name-resolve mode.
2018-01-28T10:23:20.835344Z 1 [Warning] 'proxies_priv' entry '@ root@localhost' ignored in --skip-name-resolve mode.
2018-01-28T10:23:20.835885Z 1 [Warning] 'tables_priv' entry 'user mysql.session@localhost' ignored in --skip-name-resolve mode.
2018-01-28T10:23:20.836372Z 1 [Warning] 'tables_priv' entry 'sys_config mysql.sys@localhost' ignored in --skip-name-resolve mode.
2018-01-28T10:23:24.054949Z 0 [Note] mysqld (mysqld 5.7.20) starting as process 89 ...
2018-01-28T10:23:24.060663Z 0 [Note] InnoDB: PUNCH HOLE support available
2018-01-28T10:23:24.060979Z 0 [Note] InnoDB: Mutexes and rw_locks use GCC atomic builtins
2018-01-28T10:23:24.061284Z 0 [Note] InnoDB: Uses event mutexes
2018-01-28T10:23:24.061556Z 0 [Note] InnoDB: GCC builtin __atomic_thread_fence() is used for memory barrier
2018-01-28T10:23:24.061853Z 0 [Note] InnoDB: Compressed tables use zlib 1.2.3
2018-01-28T10:23:24.062059Z 0 [Note] InnoDB: Using Linux native AIO
2018-01-28T10:23:24.062554Z 0 [Note] InnoDB: Number of pools: 1
2018-01-28T10:23:24.063012Z 0 [Note] InnoDB: Using CPU crc32 instructions
2018-01-28T10:23:24.064347Z 0 [Note] InnoDB: Initializing buffer pool, total size = 128M, instances = 1, chunk size = 128M
2018-01-28T10:23:24.070368Z 0 [Note] InnoDB: Completed initialization of buffer pool
2018-01-28T10:23:24.072582Z 0 [Note] InnoDB: If the mysqld execution user is authorized, page cleaner thread priority can be changed. See the man page of setpriority().
2018-01-28T10:23:24.086172Z 0 [Note] InnoDB: Highest supported file format is Barracuda.
2018-01-28T10:23:24.108119Z 0 [Note] InnoDB: Creating shared tablespace for temporary tables
2018-01-28T10:23:24.108686Z 0 [Note] InnoDB: Setting file './ibtmp1' size to 12 MB. Physically writing the file full; Please wait ...
2018-01-28T10:23:24.216753Z 0 [Note] InnoDB: File './ibtmp1' size is now 12 MB.
2018-01-28T10:23:24.218608Z 0 [Note] InnoDB: 96 redo rollback segment(s) found. 96 redo rollback segment(s) are active.
2018-01-28T10:23:24.218949Z 0 [Note] InnoDB: 32 non-redo rollback segment(s) are active.
2018-01-28T10:23:24.219698Z 0 [Note] InnoDB: Waiting for purge to start
2018-01-28T10:23:24.270857Z 0 [Note] InnoDB: 5.7.20 started; log sequence number 2565377
2018-01-28T10:23:24.271901Z 0 [Note] Plugin 'FEDERATED' is disabled.
2018-01-28T10:23:24.272815Z 0 [Note] InnoDB: Loading buffer pool(s) from /var/lib/mysql/ib_buffer_pool
2018-01-28T10:23:24.275658Z 0 [Note] InnoDB: Buffer pool(s) load completed at 180128 10:23:24
2018-01-28T10:23:24.278896Z 0 [Note] Found ca.pem, server-cert.pem and server-key.pem in data directory. Trying to enable SSL support using them.
2018-01-28T10:23:24.279496Z 0 [Warning] CA certificate ca.pem is self signed.
2018-01-28T10:23:24.284581Z 0 [Warning] 'user' entry 'root@localhost' ignored in --skip-name-resolve mode.
2018-01-28T10:23:24.285029Z 0 [Warning] 'user' entry 'mysql.session@localhost' ignored in --skip-name-resolve mode.
2018-01-28T10:23:24.285439Z 0 [Warning] 'user' entry 'mysql.sys@localhost' ignored in --skip-name-resolve mode.
2018-01-28T10:23:24.285761Z 0 [Warning] 'db' entry 'performance_schema mysql.session@localhost' ignored in --skip-name-resolve mode.
2018-01-28T10:23:24.286058Z 0 [Warning] 'db' entry 'sys mysql.sys@localhost' ignored in --skip-name-resolve mode.
2018-01-28T10:23:24.286298Z 0 [Warning] 'proxies_priv' entry '@ root@localhost' ignored in --skip-name-resolve mode.
2018-01-28T10:23:24.287710Z 0 [Warning] 'tables_priv' entry 'user mysql.session@localhost' ignored in --skip-name-resolve mode.
2018-01-28T10:23:24.288055Z 0 [Warning] 'tables_priv' entry 'sys_config mysql.sys@localhost' ignored in --skip-name-resolve mode.
2018-01-28T10:23:24.293166Z 0 [Note] Event Scheduler: Loaded 0 events
2018-01-28T10:23:24.293846Z 0 [Note] mysqld: ready for connections.
Version: '5.7.20'  socket: '/var/run/mysqld/mysqld.sock'  port: 0  MySQL Community Server (GPL)
2018-01-28T10:23:24.294215Z 0 [Note] Executing 'SELECT * FROM INFORMATION_SCHEMA.TABLES;' to get a list of tables using the deprecated partition engine. You may use the startup option '--disable-partition-engine-check' to skip this check. 
2018-01-28T10:23:24.294482Z 0 [Note] Beginning of list of non-natively partitioned tables
2018-01-28T10:23:24.302809Z 0 [Note] End of list of non-natively partitioned tables
2018-01-28T10:23:28.343961Z 5 [Warning] 'user' entry 'root@localhost' ignored in --skip-name-resolve mode.
2018-01-28T10:23:28.344302Z 5 [Warning] 'user' entry 'mysql.session@localhost' ignored in --skip-name-resolve mode.
2018-01-28T10:23:28.344669Z 5 [Warning] 'user' entry 'mysql.sys@localhost' ignored in --skip-name-resolve mode.
2018-01-28T10:23:28.345004Z 5 [Warning] 'db' entry 'performance_schema mysql.session@localhost' ignored in --skip-name-resolve mode.
2018-01-28T10:23:28.345272Z 5 [Warning] 'db' entry 'sys mysql.sys@localhost' ignored in --skip-name-resolve mode.
2018-01-28T10:23:28.345515Z 5 [Warning] 'proxies_priv' entry '@ root@localhost' ignored in --skip-name-resolve mode.
2018-01-28T10:23:28.345847Z 5 [Warning] 'tables_priv' entry 'user mysql.session@localhost' ignored in --skip-name-resolve mode.
2018-01-28T10:23:28.346142Z 5 [Warning] 'tables_priv' entry 'sys_config mysql.sys@localhost' ignored in --skip-name-resolve mode.
2018-01-28T10:23:28.407701Z 0 [Note] Giving 0 client threads a chance to die gracefully
2018-01-28T10:23:28.408422Z 0 [Note] Shutting down slave threads
2018-01-28T10:23:28.408961Z 0 [Note] Forcefully disconnecting 0 remaining clients
2018-01-28T10:23:28.409505Z 0 [Note] Event Scheduler: Purging the queue. 0 events
2018-01-28T10:23:28.410228Z 0 [Note] Binlog end
2018-01-28T10:23:28.412020Z 0 [Note] Shutting down plugin 'ngram'
2018-01-28T10:23:28.413262Z 0 [Note] Shutting down plugin 'BLACKHOLE'
2018-01-28T10:23:28.413552Z 0 [Note] Shutting down plugin 'partition'
2018-01-28T10:23:28.413806Z 0 [Note] Shutting down plugin 'ARCHIVE'
2018-01-28T10:23:28.414080Z 0 [Note] Shutting down plugin 'INNODB_SYS_VIRTUAL'
2018-01-28T10:23:28.414406Z 0 [Note] Shutting down plugin 'INNODB_SYS_DATAFILES'
2018-01-28T10:23:28.414725Z 0 [Note] Shutting down plugin 'INNODB_SYS_TABLESPACES'
2018-01-28T10:23:28.414995Z 0 [Note] Shutting down plugin 'INNODB_SYS_FOREIGN_COLS'
2018-01-28T10:23:28.415253Z 0 [Note] Shutting down plugin 'INNODB_SYS_FOREIGN'
2018-01-28T10:23:28.415545Z 0 [Note] Shutting down plugin 'INNODB_SYS_FIELDS'
2018-01-28T10:23:28.415800Z 0 [Note] Shutting down plugin 'INNODB_SYS_COLUMNS'
2018-01-28T10:23:28.416090Z 0 [Note] Shutting down plugin 'INNODB_SYS_INDEXES'
2018-01-28T10:23:28.416369Z 0 [Note] Shutting down plugin 'INNODB_SYS_TABLESTATS'
2018-01-28T10:23:28.416628Z 0 [Note] Shutting down plugin 'INNODB_SYS_TABLES'
2018-01-28T10:23:28.416902Z 0 [Note] Shutting down plugin 'INNODB_FT_INDEX_TABLE'
2018-01-28T10:23:28.417163Z 0 [Note] Shutting down plugin 'INNODB_FT_INDEX_CACHE'
2018-01-28T10:23:28.417420Z 0 [Note] Shutting down plugin 'INNODB_FT_CONFIG'
2018-01-28T10:23:28.417755Z 0 [Note] Shutting down plugin 'INNODB_FT_BEING_DELETED'
2018-01-28T10:23:28.418197Z 0 [Note] Shutting down plugin 'INNODB_FT_DELETED'
2018-01-28T10:23:28.418476Z 0 [Note] Shutting down plugin 'INNODB_FT_DEFAULT_STOPWORD'
2018-01-28T10:23:28.418715Z 0 [Note] Shutting down plugin 'INNODB_METRICS'
2018-01-28T10:23:28.418967Z 0 [Note] Shutting down plugin 'INNODB_TEMP_TABLE_INFO'
2018-01-28T10:23:28.419207Z 0 [Note] Shutting down plugin 'INNODB_BUFFER_POOL_STATS'
2018-01-28T10:23:28.419548Z 0 [Note] Shutting down plugin 'INNODB_BUFFER_PAGE_LRU'
2018-01-28T10:23:28.419836Z 0 [Note] Shutting down plugin 'INNODB_BUFFER_PAGE'
2018-01-28T10:23:28.420210Z 0 [Note] Shutting down plugin 'INNODB_CMP_PER_INDEX_RESET'
2018-01-28T10:23:28.420466Z 0 [Note] Shutting down plugin 'INNODB_CMP_PER_INDEX'
2018-01-28T10:23:28.420672Z 0 [Note] Shutting down plugin 'INNODB_CMPMEM_RESET'
2018-01-28T10:23:28.420952Z 0 [Note] Shutting down plugin 'INNODB_CMPMEM'
2018-01-28T10:23:28.421236Z 0 [Note] Shutting down plugin 'INNODB_CMP_RESET'
2018-01-28T10:23:28.421560Z 0 [Note] Shutting down plugin 'INNODB_CMP'
2018-01-28T10:23:28.421885Z 0 [Note] Shutting down plugin 'INNODB_LOCK_WAITS'
2018-01-28T10:23:28.422211Z 0 [Note] Shutting down plugin 'INNODB_LOCKS'
2018-01-28T10:23:28.422501Z 0 [Note] Shutting down plugin 'INNODB_TRX'
2018-01-28T10:23:28.422823Z 0 [Note] Shutting down plugin 'InnoDB'
2018-01-28T10:23:28.423177Z 0 [Note] InnoDB: FTS optimize thread exiting.
2018-01-28T10:23:28.423660Z 0 [Note] InnoDB: Starting shutdown...
2018-01-28T10:23:28.525520Z 0 [Note] InnoDB: Dumping buffer pool(s) to /var/lib/mysql/ib_buffer_pool
2018-01-28T10:23:28.526593Z 0 [Note] InnoDB: Buffer pool(s) dump completed at 180128 10:23:28
2018-01-28T10:23:30.171915Z 0 [Note] InnoDB: Shutdown completed; log sequence number 12160913
2018-01-28T10:23:30.175976Z 0 [Note] InnoDB: Removed temporary tablespace data file: "ibtmp1"
2018-01-28T10:23:30.176470Z 0 [Note] Shutting down plugin 'MRG_MYISAM'
2018-01-28T10:23:30.176773Z 0 [Note] Shutting down plugin 'MyISAM'
2018-01-28T10:23:30.177098Z 0 [Note] Shutting down plugin 'CSV'
2018-01-28T10:23:30.177343Z 0 [Note] Shutting down plugin 'MEMORY'
2018-01-28T10:23:30.177554Z 0 [Note] Shutting down plugin 'PERFORMANCE_SCHEMA'
2018-01-28T10:23:30.177825Z 0 [Note] Shutting down plugin 'sha256_password'
2018-01-28T10:23:30.178101Z 0 [Note] Shutting down plugin 'mysql_native_password'
2018-01-28T10:23:30.178515Z 0 [Note] Shutting down plugin 'binlog'
2018-01-28T10:23:30.182185Z 0 [Note] mysqld: Shutdown complete

2018-01-28T10:23:30.497235Z 0 [Note] mysqld (mysqld 5.7.20) starting as process 1 ...
2018-01-28T10:23:30.503998Z 0 [Note] InnoDB: PUNCH HOLE support available
2018-01-28T10:23:30.504338Z 0 [Note] InnoDB: Mutexes and rw_locks use GCC atomic builtins
2018-01-28T10:23:30.504573Z 0 [Note] InnoDB: Uses event mutexes
2018-01-28T10:23:30.504816Z 0 [Note] InnoDB: GCC builtin __atomic_thread_fence() is used for memory barrier
2018-01-28T10:23:30.505044Z 0 [Note] InnoDB: Compressed tables use zlib 1.2.3
2018-01-28T10:23:30.505284Z 0 [Note] InnoDB: Using Linux native AIO
2018-01-28T10:23:30.505725Z 0 [Note] InnoDB: Number of pools: 1
2018-01-28T10:23:30.506049Z 0 [Note] InnoDB: Using CPU crc32 instructions
2018-01-28T10:23:30.507416Z 0 [Note] InnoDB: Initializing buffer pool, total size = 128M, instances = 1, chunk size = 128M
2018-01-28T10:23:30.514318Z 0 [Note] InnoDB: Completed initialization of buffer pool
2018-01-28T10:23:30.516373Z 0 [Note] InnoDB: If the mysqld execution user is authorized, page cleaner thread priority can be changed. See the man page of setpriority().
2018-01-28T10:23:30.529081Z 0 [Note] InnoDB: Highest supported file format is Barracuda.
2018-01-28T10:23:30.537851Z 0 [Note] InnoDB: Creating shared tablespace for temporary tables
2018-01-28T10:23:30.538266Z 0 [Note] InnoDB: Setting file './ibtmp1' size to 12 MB. Physically writing the file full; Please wait ...
2018-01-28T10:23:30.609262Z 0 [Note] InnoDB: File './ibtmp1' size is now 12 MB.
2018-01-28T10:23:30.610512Z 0 [Note] InnoDB: 96 redo rollback segment(s) found. 96 redo rollback segment(s) are active.
2018-01-28T10:23:30.610785Z 0 [Note] InnoDB: 32 non-redo rollback segment(s) are active.
2018-01-28T10:23:30.611540Z 0 [Note] InnoDB: 5.7.20 started; log sequence number 12160913
2018-01-28T10:23:30.611993Z 0 [Note] InnoDB: Loading buffer pool(s) from /var/lib/mysql/ib_buffer_pool
2018-01-28T10:23:30.612384Z 0 [Note] Plugin 'FEDERATED' is disabled.
2018-01-28T10:23:30.615484Z 0 [Note] InnoDB: Buffer pool(s) load completed at 180128 10:23:30
2018-01-28T10:23:30.618751Z 0 [Note] Found ca.pem, server-cert.pem and server-key.pem in data directory. Trying to enable SSL support using them.
2018-01-28T10:23:30.619257Z 0 [Warning] CA certificate ca.pem is self signed.
2018-01-28T10:23:30.620574Z 0 [Note] Server hostname (bind-address): '*'; port: 3306
2018-01-28T10:23:30.620857Z 0 [Note] IPv6 is available.
2018-01-28T10:23:30.621096Z 0 [Note]   - '::' resolves to '::';
2018-01-28T10:23:30.621318Z 0 [Note] Server socket created on IP: '::'.
2018-01-28T10:23:30.624104Z 0 [Warning] 'user' entry 'root@localhost' ignored in --skip-name-resolve mode.
2018-01-28T10:23:30.624424Z 0 [Warning] 'user' entry 'mysql.session@localhost' ignored in --skip-name-resolve mode.
2018-01-28T10:23:30.624663Z 0 [Warning] 'user' entry 'mysql.sys@localhost' ignored in --skip-name-resolve mode.
2018-01-28T10:23:30.624919Z 0 [Warning] 'db' entry 'performance_schema mysql.session@localhost' ignored in --skip-name-resolve mode.
2018-01-28T10:23:30.625175Z 0 [Warning] 'db' entry 'sys mysql.sys@localhost' ignored in --skip-name-resolve mode.
2018-01-28T10:23:30.625409Z 0 [Warning] 'proxies_priv' entry '@ root@localhost' ignored in --skip-name-resolve mode.
2018-01-28T10:23:30.627522Z 0 [Warning] 'tables_priv' entry 'user mysql.session@localhost' ignored in --skip-name-resolve mode.
2018-01-28T10:23:30.627760Z 0 [Warning] 'tables_priv' entry 'sys_config mysql.sys@localhost' ignored in --skip-name-resolve mode.
2018-01-28T10:23:30.632928Z 0 [Note] Event Scheduler: Loaded 0 events
2018-01-28T10:23:30.633528Z 0 [Note] mysqld: ready for connections.
Version: '5.7.20'  socket: '/var/run/mysqld/mysqld.sock'  port: 3306  MySQL Community Server (GPL)
2018-01-28T10:23:30.633786Z 0 [Note] Executing 'SELECT * FROM INFORMATION_SCHEMA.TABLES;' to get a list of tables using the deprecated partition engine. You may use the startup option '--disable-partition-engine-check' to skip this check. 
2018-01-28T10:23:30.634004Z 0 [Note] Beginning of list of non-natively partitioned tables
2018-01-28T10:23:30.643904Z 0 [Note] End of list of non-natively partitioned tables
2018-01-28T10:32:51.073033Z 0 [Note] mysqld (mysqld 5.7.20) starting as process 1 ...
2018-01-28T10:32:51.079357Z 0 [Note] InnoDB: PUNCH HOLE support available
2018-01-28T10:32:51.079848Z 0 [Note] InnoDB: Mutexes and rw_locks use GCC atomic builtins
2018-01-28T10:32:51.080139Z 0 [Note] InnoDB: Uses event mutexes
2018-01-28T10:32:51.080408Z 0 [Note] InnoDB: GCC builtin __atomic_thread_fence() is used for memory barrier
2018-01-28T10:32:51.080642Z 0 [Note] InnoDB: Compressed tables use zlib 1.2.3
2018-01-28T10:32:51.080880Z 0 [Note] InnoDB: Using Linux native AIO
2018-01-28T10:32:51.081325Z 0 [Note] InnoDB: Number of pools: 1
2018-01-28T10:32:51.081709Z 0 [Note] InnoDB: Using CPU crc32 instructions
2018-01-28T10:32:51.083344Z 0 [Note] InnoDB: Initializing buffer pool, total size = 128M, instances = 1, chunk size = 128M
2018-01-28T10:32:51.090309Z 0 [Note] InnoDB: Completed initialization of buffer pool
2018-01-28T10:32:51.092655Z 0 [Note] InnoDB: If the mysqld execution user is authorized, page cleaner thread priority can be changed. See the man page of setpriority().
2018-01-28T10:32:51.106102Z 0 [Note] InnoDB: Highest supported file format is Barracuda.
2018-01-28T10:32:51.117089Z 0 [Note] InnoDB: Log scan progressed past the checkpoint lsn 12160932
2018-01-28T10:32:51.117900Z 0 [Note] InnoDB: Doing recovery: scanned up to log sequence number 12160941
2018-01-28T10:32:51.118710Z 0 [Note] InnoDB: Database was not shutdown normally!
2018-01-28T10:32:51.119330Z 0 [Note] InnoDB: Starting crash recovery.
2018-01-28T10:32:51.239438Z 0 [Note] InnoDB: Removed temporary tablespace data file: "ibtmp1"
2018-01-28T10:32:51.240242Z 0 [Note] InnoDB: Creating shared tablespace for temporary tables
2018-01-28T10:32:51.240963Z 0 [Note] InnoDB: Setting file './ibtmp1' size to 12 MB. Physically writing the file full; Please wait ...
2018-01-28T10:32:51.363023Z 0 [Note] InnoDB: File './ibtmp1' size is now 12 MB.
2018-01-28T10:32:51.364758Z 0 [Note] InnoDB: 96 redo rollback segment(s) found. 96 redo rollback segment(s) are active.
2018-01-28T10:32:51.365159Z 0 [Note] InnoDB: 32 non-redo rollback segment(s) are active.
2018-01-28T10:32:51.366317Z 0 [Note] InnoDB: 5.7.20 started; log sequence number 12160941
2018-01-28T10:32:51.366997Z 0 [Note] InnoDB: Loading buffer pool(s) from /var/lib/mysql/ib_buffer_pool
2018-01-28T10:32:51.367181Z 0 [Note] Plugin 'FEDERATED' is disabled.
2018-01-28T10:32:51.372635Z 0 [Note] Found ca.pem, server-cert.pem and server-key.pem in data directory. Trying to enable SSL support using them.
2018-01-28T10:32:51.373645Z 0 [Note] InnoDB: Buffer pool(s) load completed at 180128 10:32:51
2018-01-28T10:32:51.373680Z 0 [Warning] CA certificate ca.pem is self signed.
2018-01-28T10:32:51.375391Z 0 [Note] Server hostname (bind-address): '*'; port: 3306
2018-01-28T10:32:51.375872Z 0 [Note] IPv6 is available.
2018-01-28T10:32:51.376290Z 0 [Note]   - '::' resolves to '::';
2018-01-28T10:32:51.376767Z 0 [Note] Server socket created on IP: '::'.
2018-01-28T10:32:51.380343Z 0 [Warning] 'user' entry 'root@localhost' ignored in --skip-name-resolve mode.
2018-01-28T10:32:51.380786Z 0 [Warning] 'user' entry 'mysql.session@localhost' ignored in --skip-name-resolve mode.
2018-01-28T10:32:51.381198Z 0 [Warning] 'user' entry 'mysql.sys@localhost' ignored in --skip-name-resolve mode.
2018-01-28T10:32:51.381560Z 0 [Warning] 'db' entry 'performance_schema mysql.session@localhost' ignored in --skip-name-resolve mode.
2018-01-28T10:32:51.381870Z 0 [Warning] 'db' entry 'sys mysql.sys@localhost' ignored in --skip-name-resolve mode.
2018-01-28T10:32:51.382340Z 0 [Warning] 'proxies_priv' entry '@ root@localhost' ignored in --skip-name-resolve mode.
2018-01-28T10:32:51.384694Z 0 [Warning] 'tables_priv' entry 'user mysql.session@localhost' ignored in --skip-name-resolve mode.
2018-01-28T10:32:51.385094Z 0 [Warning] 'tables_priv' entry 'sys_config mysql.sys@localhost' ignored in --skip-name-resolve mode.
2018-01-28T10:32:51.390091Z 0 [Note] Event Scheduler: Loaded 0 events
2018-01-28T10:32:51.390922Z 0 [Note] mysqld: ready for connections.
Version: '5.7.20'  socket: '/var/run/mysqld/mysqld.sock'  port: 3306  MySQL Community Server (GPL)
2018-01-28T10:32:51.391369Z 0 [Note] Executing 'SELECT * FROM INFORMATION_SCHEMA.TABLES;' to get a list of tables using the deprecated partition engine. You may use the startup option '--disable-partition-engine-check' to skip this check. 
2018-01-28T10:32:51.391746Z 0 [Note] Beginning of list of non-natively partitioned tables
2018-01-28T10:32:51.400496Z 0 [Note] End of list of non-natively partitioned tables
2018-01-28T10:33:25.249308Z 3 [Note] Aborted connection 3 to db: 'test_db' user: 'root' host: '172.19.0.3' (Got an error reading communication packets)
2018-01-28T10:34:15.128571Z 4 [Note] Aborted connection 4 to db: 'test_db' user: 'root' host: '172.19.0.3' (Got an error reading communication packets)
2018-01-28T11:30:19.012582Z 0 [Note] InnoDB: page_cleaner: 1000ms intended loop took 91819ms. The settings might not be optimal. (flushed=0 and evicted=0, during the time.)
2018-01-28T12:18:42.139496Z 0 [Note] Giving 0 client threads a chance to die gracefully
2018-01-28T12:18:42.142037Z 0 [Note] Shutting down slave threads
2018-01-28T12:18:42.142569Z 0 [Note] Forcefully disconnecting 0 remaining clients
2018-01-28T12:18:42.143044Z 0 [Note] Event Scheduler: Purging the queue. 0 events
2018-01-28T12:18:42.143488Z 0 [Note] Binlog end
2018-01-28T12:18:42.145812Z 0 [Note] Shutting down plugin 'ngram'
2018-01-28T12:18:42.146210Z 0 [Note] Shutting down plugin 'BLACKHOLE'
2018-01-28T12:18:42.146632Z 0 [Note] Shutting down plugin 'partition'
2018-01-28T12:18:42.147072Z 0 [Note] Shutting down plugin 'ARCHIVE'
2018-01-28T12:18:42.147463Z 0 [Note] Shutting down plugin 'INNODB_SYS_VIRTUAL'
2018-01-28T12:18:42.147788Z 0 [Note] Shutting down plugin 'INNODB_SYS_DATAFILES'
2018-01-28T12:18:42.148118Z 0 [Note] Shutting down plugin 'INNODB_SYS_TABLESPACES'
2018-01-28T12:18:42.148455Z 0 [Note] Shutting down plugin 'INNODB_SYS_FOREIGN_COLS'
2018-01-28T12:18:42.148845Z 0 [Note] Shutting down plugin 'INNODB_SYS_FOREIGN'
2018-01-28T12:18:42.149222Z 0 [Note] Shutting down plugin 'INNODB_SYS_FIELDS'
2018-01-28T12:18:42.149539Z 0 [Note] Shutting down plugin 'INNODB_SYS_COLUMNS'
2018-01-28T12:18:42.149855Z 0 [Note] Shutting down plugin 'INNODB_SYS_INDEXES'
2018-01-28T12:18:42.150176Z 0 [Note] Shutting down plugin 'INNODB_SYS_TABLESTATS'
2018-01-28T12:18:42.150976Z 0 [Note] Shutting down plugin 'INNODB_SYS_TABLES'
2018-01-28T12:18:42.151649Z 0 [Note] Shutting down plugin 'INNODB_FT_INDEX_TABLE'
2018-01-28T12:18:42.152128Z 0 [Note] Shutting down plugin 'INNODB_FT_INDEX_CACHE'
2018-01-28T12:18:42.152484Z 0 [Note] Shutting down plugin 'INNODB_FT_CONFIG'
2018-01-28T12:18:42.152886Z 0 [Note] Shutting down plugin 'INNODB_FT_BEING_DELETED'
2018-01-28T12:18:42.153265Z 0 [Note] Shutting down plugin 'INNODB_FT_DELETED'
2018-01-28T12:18:42.153640Z 0 [Note] Shutting down plugin 'INNODB_FT_DEFAULT_STOPWORD'
2018-01-28T12:18:42.154006Z 0 [Note] Shutting down plugin 'INNODB_METRICS'
2018-01-28T12:18:42.154465Z 0 [Note] Shutting down plugin 'INNODB_TEMP_TABLE_INFO'
2018-01-28T12:18:42.154836Z 0 [Note] Shutting down plugin 'INNODB_BUFFER_POOL_STATS'
2018-01-28T12:18:42.155198Z 0 [Note] Shutting down plugin 'INNODB_BUFFER_PAGE_LRU'
2018-01-28T12:18:42.155581Z 0 [Note] Shutting down plugin 'INNODB_BUFFER_PAGE'
2018-01-28T12:18:42.155969Z 0 [Note] Shutting down plugin 'INNODB_CMP_PER_INDEX_RESET'
2018-01-28T12:18:42.156329Z 0 [Note] Shutting down plugin 'INNODB_CMP_PER_INDEX'
2018-01-28T12:18:42.156683Z 0 [Note] Shutting down plugin 'INNODB_CMPMEM_RESET'
2018-01-28T12:18:42.157090Z 0 [Note] Shutting down plugin 'INNODB_CMPMEM'
2018-01-28T12:18:42.157485Z 0 [Note] Shutting down plugin 'INNODB_CMP_RESET'
2018-01-28T12:18:42.157879Z 0 [Note] Shutting down plugin 'INNODB_CMP'
2018-01-28T12:18:42.158526Z 0 [Note] Shutting down plugin 'INNODB_LOCK_WAITS'
2018-01-28T12:18:42.159056Z 0 [Note] Shutting down plugin 'INNODB_LOCKS'
2018-01-28T12:18:42.159893Z 0 [Note] Shutting down plugin 'INNODB_TRX'
2018-01-28T12:18:42.160510Z 0 [Note] Shutting down plugin 'InnoDB'
2018-01-28T12:18:42.161411Z 0 [Note] InnoDB: FTS optimize thread exiting.
2018-01-28T12:18:42.162165Z 0 [Note] InnoDB: Starting shutdown...
2018-01-28T12:18:42.264588Z 0 [Note] InnoDB: Dumping buffer pool(s) to /var/lib/mysql/ib_buffer_pool
2018-01-28T12:18:42.265737Z 0 [Note] InnoDB: Buffer pool(s) dump completed at 180128 12:18:42
2018-01-28T12:18:43.826885Z 0 [Note] InnoDB: Shutdown completed; log sequence number 12160969
2018-01-28T12:18:43.836827Z 0 [Note] InnoDB: Removed temporary tablespace data file: "ibtmp1"
2018-01-28T12:18:43.837270Z 0 [Note] Shutting down plugin 'MRG_MYISAM'
2018-01-28T12:18:43.837699Z 0 [Note] Shutting down plugin 'MyISAM'
2018-01-28T12:18:43.838075Z 0 [Note] Shutting down plugin 'CSV'
2018-01-28T12:18:43.838372Z 0 [Note] Shutting down plugin 'MEMORY'
2018-01-28T12:18:43.838738Z 0 [Note] Shutting down plugin 'PERFORMANCE_SCHEMA'
2018-01-28T12:18:43.839043Z 0 [Note] Shutting down plugin 'sha256_password'
2018-01-28T12:18:43.839349Z 0 [Note] Shutting down plugin 'mysql_native_password'
2018-01-28T12:18:43.839915Z 0 [Note] Shutting down plugin 'binlog'
2018-01-28T12:18:43.848476Z 0 [Note] mysqld: Shutdown complete

2018-01-28T12:18:46.517705Z 0 [Note] mysqld (mysqld 5.7.20) starting as process 1 ...
2018-01-28T12:18:46.526968Z 0 [Note] InnoDB: PUNCH HOLE support available
2018-01-28T12:18:46.527445Z 0 [Note] InnoDB: Mutexes and rw_locks use GCC atomic builtins
2018-01-28T12:18:46.527756Z 0 [Note] InnoDB: Uses event mutexes
2018-01-28T12:18:46.528432Z 0 [Note] InnoDB: GCC builtin __atomic_thread_fence() is used for memory barrier
2018-01-28T12:18:46.528929Z 0 [Note] InnoDB: Compressed tables use zlib 1.2.3
2018-01-28T12:18:46.529324Z 0 [Note] InnoDB: Using Linux native AIO
2018-01-28T12:18:46.530015Z 0 [Note] InnoDB: Number of pools: 1
2018-01-28T12:18:46.530584Z 0 [Note] InnoDB: Using CPU crc32 instructions
2018-01-28T12:18:46.533106Z 0 [Note] InnoDB: Initializing buffer pool, total size = 128M, instances = 1, chunk size = 128M
2018-01-28T12:18:46.539726Z 0 [Note] InnoDB: Completed initialization of buffer pool
2018-01-28T12:18:46.541978Z 0 [Note] InnoDB: If the mysqld execution user is authorized, page cleaner thread priority can be changed. See the man page of setpriority().
2018-01-28T12:18:46.555381Z 0 [Note] InnoDB: Highest supported file format is Barracuda.
2018-01-28T12:18:46.582068Z 0 [Note] InnoDB: Creating shared tablespace for temporary tables
2018-01-28T12:18:46.582967Z 0 [Note] InnoDB: Setting file './ibtmp1' size to 12 MB. Physically writing the file full; Please wait ...
2018-01-28T12:18:46.657098Z 0 [Note] InnoDB: File './ibtmp1' size is now 12 MB.
2018-01-28T12:18:46.658925Z 0 [Note] InnoDB: 96 redo rollback segment(s) found. 96 redo rollback segment(s) are active.
2018-01-28T12:18:46.659389Z 0 [Note] InnoDB: 32 non-redo rollback segment(s) are active.
2018-01-28T12:18:46.660390Z 0 [Note] InnoDB: Waiting for purge to start
2018-01-28T12:18:46.711302Z 0 [Note] InnoDB: 5.7.20 started; log sequence number 12160969
2018-01-28T12:18:46.713128Z 0 [Note] Plugin 'FEDERATED' is disabled.
2018-01-28T12:18:46.713984Z 0 [Note] InnoDB: Loading buffer pool(s) from /var/lib/mysql/ib_buffer_pool
2018-01-28T12:18:46.720205Z 0 [Note] Found ca.pem, server-cert.pem and server-key.pem in data directory. Trying to enable SSL support using them.
2018-01-28T12:18:46.721685Z 0 [Warning] CA certificate ca.pem is self signed.
2018-01-28T12:18:46.723062Z 0 [Note] Server hostname (bind-address): '*'; port: 3306
2018-01-28T12:18:46.723321Z 0 [Note] IPv6 is available.
2018-01-28T12:18:46.723536Z 0 [Note]   - '::' resolves to '::';
2018-01-28T12:18:46.723826Z 0 [Note] Server socket created on IP: '::'.
2018-01-28T12:18:46.723230Z 0 [Note] InnoDB: Buffer pool(s) load completed at 180128 12:18:46
2018-01-28T12:18:46.733397Z 0 [Warning] 'user' entry 'root@localhost' ignored in --skip-name-resolve mode.
2018-01-28T12:18:46.733832Z 0 [Warning] 'user' entry 'mysql.session@localhost' ignored in --skip-name-resolve mode.
2018-01-28T12:18:46.734152Z 0 [Warning] 'user' entry 'mysql.sys@localhost' ignored in --skip-name-resolve mode.
2018-01-28T12:18:46.734468Z 0 [Warning] 'db' entry 'performance_schema mysql.session@localhost' ignored in --skip-name-resolve mode.
2018-01-28T12:18:46.734829Z 0 [Warning] 'db' entry 'sys mysql.sys@localhost' ignored in --skip-name-resolve mode.
2018-01-28T12:18:46.735106Z 0 [Warning] 'proxies_priv' entry '@ root@localhost' ignored in --skip-name-resolve mode.
2018-01-28T12:18:46.750293Z 0 [Warning] 'tables_priv' entry 'user mysql.session@localhost' ignored in --skip-name-resolve mode.
2018-01-28T12:18:46.751781Z 0 [Warning] 'tables_priv' entry 'sys_config mysql.sys@localhost' ignored in --skip-name-resolve mode.
2018-01-28T12:18:46.821202Z 0 [Note] Event Scheduler: Loaded 0 events
2018-01-28T12:18:46.821847Z 0 [Note] mysqld: ready for connections.
Version: '5.7.20'  socket: '/var/run/mysqld/mysqld.sock'  port: 3306  MySQL Community Server (GPL)
2018-01-28T12:18:46.822128Z 0 [Note] Executing 'SELECT * FROM INFORMATION_SCHEMA.TABLES;' to get a list of tables using the deprecated partition engine. You may use the startup option '--disable-partition-engine-check' to skip this check. 
2018-01-28T12:18:46.822810Z 0 [Note] Beginning of list of non-natively partitioned tables
2018-01-28T12:18:46.932615Z 0 [Note] End of list of non-natively partitioned tables
2018-01-28T12:19:10.673365Z 0 [Note] mysqld (mysqld 5.7.20) starting as process 1 ...
2018-01-28T12:19:10.681065Z 0 [Note] InnoDB: PUNCH HOLE support available
2018-01-28T12:19:10.681468Z 0 [Note] InnoDB: Mutexes and rw_locks use GCC atomic builtins
2018-01-28T12:19:10.681943Z 0 [Note] InnoDB: Uses event mutexes
2018-01-28T12:19:10.682273Z 0 [Note] InnoDB: GCC builtin __atomic_thread_fence() is used for memory barrier
2018-01-28T12:19:10.682619Z 0 [Note] InnoDB: Compressed tables use zlib 1.2.3
2018-01-28T12:19:10.683000Z 0 [Note] InnoDB: Using Linux native AIO
2018-01-28T12:19:10.683558Z 0 [Note] InnoDB: Number of pools: 1
2018-01-28T12:19:10.684022Z 0 [Note] InnoDB: Using CPU crc32 instructions
2018-01-28T12:19:10.685593Z 0 [Note] InnoDB: Initializing buffer pool, total size = 128M, instances = 1, chunk size = 128M
2018-01-28T12:19:10.691774Z 0 [Note] InnoDB: Completed initialization of buffer pool
2018-01-28T12:19:10.693923Z 0 [Note] InnoDB: If the mysqld execution user is authorized, page cleaner thread priority can be changed. See the man page of setpriority().
2018-01-28T12:19:10.707451Z 0 [Note] InnoDB: Highest supported file format is Barracuda.
2018-01-28T12:19:10.709620Z 0 [Note] InnoDB: Log scan progressed past the checkpoint lsn 12160988
2018-01-28T12:19:10.710208Z 0 [Note] InnoDB: Doing recovery: scanned up to log sequence number 12160997
2018-01-28T12:19:10.710826Z 0 [Note] InnoDB: Database was not shutdown normally!
2018-01-28T12:19:10.711304Z 0 [Note] InnoDB: Starting crash recovery.
2018-01-28T12:19:10.861799Z 0 [Note] InnoDB: Removed temporary tablespace data file: "ibtmp1"
2018-01-28T12:19:10.862356Z 0 [Note] InnoDB: Creating shared tablespace for temporary tables
2018-01-28T12:19:10.862793Z 0 [Note] InnoDB: Setting file './ibtmp1' size to 12 MB. Physically writing the file full; Please wait ...
2018-01-28T12:19:10.941984Z 0 [Note] InnoDB: File './ibtmp1' size is now 12 MB.
2018-01-28T12:19:10.943873Z 0 [Note] InnoDB: 96 redo rollback segment(s) found. 96 redo rollback segment(s) are active.
2018-01-28T12:19:10.944310Z 0 [Note] InnoDB: 32 non-redo rollback segment(s) are active.
2018-01-28T12:19:10.953100Z 0 [Note] InnoDB: Waiting for purge to start
2018-01-28T12:19:11.004368Z 0 [Note] InnoDB: 5.7.20 started; log sequence number 12160997
2018-01-28T12:19:11.005223Z 0 [Note] Plugin 'FEDERATED' is disabled.
2018-01-28T12:19:11.010419Z 0 [Note] Found ca.pem, server-cert.pem and server-key.pem in data directory. Trying to enable SSL support using them.
2018-01-28T12:19:11.011676Z 0 [Warning] CA certificate ca.pem is self signed.
2018-01-28T12:19:11.015925Z 0 [Note] Server hostname (bind-address): '*'; port: 3306
2018-01-28T12:19:11.016408Z 0 [Note] IPv6 is available.
2018-01-28T12:19:11.016668Z 0 [Note]   - '::' resolves to '::';
2018-01-28T12:19:11.016938Z 0 [Note] Server socket created on IP: '::'.
2018-01-28T12:19:11.005429Z 0 [Note] InnoDB: Loading buffer pool(s) from /var/lib/mysql/ib_buffer_pool
2018-01-28T12:19:11.020733Z 0 [Warning] 'user' entry 'root@localhost' ignored in --skip-name-resolve mode.
2018-01-28T12:19:11.021281Z 0 [Warning] 'user' entry 'mysql.session@localhost' ignored in --skip-name-resolve mode.
2018-01-28T12:19:11.021587Z 0 [Warning] 'user' entry 'mysql.sys@localhost' ignored in --skip-name-resolve mode.
2018-01-28T12:19:11.022166Z 0 [Warning] 'db' entry 'performance_schema mysql.session@localhost' ignored in --skip-name-resolve mode.
2018-01-28T12:19:11.022494Z 0 [Warning] 'db' entry 'sys mysql.sys@localhost' ignored in --skip-name-resolve mode.
2018-01-28T12:19:11.022747Z 0 [Warning] 'proxies_priv' entry '@ root@localhost' ignored in --skip-name-resolve mode.
2018-01-28T12:19:11.023613Z 0 [Note] InnoDB: Buffer pool(s) load completed at 180128 12:19:11
2018-01-28T12:19:11.025506Z 0 [Warning] 'tables_priv' entry 'user mysql.session@localhost' ignored in --skip-name-resolve mode.
2018-01-28T12:19:11.025876Z 0 [Warning] 'tables_priv' entry 'sys_config mysql.sys@localhost' ignored in --skip-name-resolve mode.
2018-01-28T12:19:11.033741Z 0 [Note] Event Scheduler: Loaded 0 events
2018-01-28T12:19:11.034339Z 0 [Note] mysqld: ready for connections.
Version: '5.7.20'  socket: '/var/run/mysqld/mysqld.sock'  port: 3306  MySQL Community Server (GPL)
2018-01-28T12:19:11.034667Z 0 [Note] Executing 'SELECT * FROM INFORMATION_SCHEMA.TABLES;' to get a list of tables using the deprecated partition engine. You may use the startup option '--disable-partition-engine-check' to skip this check. 
2018-01-28T12:19:11.034988Z 0 [Note] Beginning of list of non-natively partitioned tables
2018-01-28T12:19:11.044386Z 0 [Note] End of list of non-natively partitioned tables
2018-01-28T12:20:14.390414Z 0 [Note] mysqld (mysqld 5.7.20) starting as process 1 ...
2018-01-28T12:20:14.396326Z 0 [Note] InnoDB: PUNCH HOLE support available
2018-01-28T12:20:14.396648Z 0 [Note] InnoDB: Mutexes and rw_locks use GCC atomic builtins
2018-01-28T12:20:14.396993Z 0 [Note] InnoDB: Uses event mutexes
2018-01-28T12:20:14.397308Z 0 [Note] InnoDB: GCC builtin __atomic_thread_fence() is used for memory barrier
2018-01-28T12:20:14.397639Z 0 [Note] InnoDB: Compressed tables use zlib 1.2.3
2018-01-28T12:20:14.397963Z 0 [Note] InnoDB: Using Linux native AIO
2018-01-28T12:20:14.398427Z 0 [Note] InnoDB: Number of pools: 1
2018-01-28T12:20:14.398756Z 0 [Note] InnoDB: Using CPU crc32 instructions
2018-01-28T12:20:14.400108Z 0 [Note] InnoDB: Initializing buffer pool, total size = 128M, instances = 1, chunk size = 128M
2018-01-28T12:20:14.406032Z 0 [Note] InnoDB: Completed initialization of buffer pool
2018-01-28T12:20:14.407986Z 0 [Note] InnoDB: If the mysqld execution user is authorized, page cleaner thread priority can be changed. See the man page of setpriority().
2018-01-28T12:20:14.420763Z 0 [Note] InnoDB: Highest supported file format is Barracuda.
2018-01-28T12:20:14.422970Z 0 [Note] InnoDB: Log scan progressed past the checkpoint lsn 12161041
2018-01-28T12:20:14.423710Z 0 [Note] InnoDB: Doing recovery: scanned up to log sequence number 12161050
2018-01-28T12:20:14.424194Z 0 [Note] InnoDB: Database was not shutdown normally!
2018-01-28T12:20:14.424680Z 0 [Note] InnoDB: Starting crash recovery.
2018-01-28T12:20:14.552865Z 0 [Note] InnoDB: Removed temporary tablespace data file: "ibtmp1"
2018-01-28T12:20:14.553261Z 0 [Note] InnoDB: Creating shared tablespace for temporary tables
2018-01-28T12:20:14.553644Z 0 [Note] InnoDB: Setting file './ibtmp1' size to 12 MB. Physically writing the file full; Please wait ...
2018-01-28T12:20:14.656338Z 0 [Note] InnoDB: File './ibtmp1' size is now 12 MB.
2018-01-28T12:20:14.662214Z 0 [Note] InnoDB: 96 redo rollback segment(s) found. 96 redo rollback segment(s) are active.
2018-01-28T12:20:14.662645Z 0 [Note] InnoDB: 32 non-redo rollback segment(s) are active.
2018-01-28T12:20:14.663452Z 0 [Note] InnoDB: Waiting for purge to start
2018-01-28T12:20:14.714416Z 0 [Note] InnoDB: 5.7.20 started; log sequence number 12161050
2018-01-28T12:20:14.725220Z 0 [Note] Plugin 'FEDERATED' is disabled.
2018-01-28T12:20:14.725363Z 0 [Note] InnoDB: Loading buffer pool(s) from /var/lib/mysql/ib_buffer_pool
2018-01-28T12:20:14.732332Z 0 [Note] Found ca.pem, server-cert.pem and server-key.pem in data directory. Trying to enable SSL support using them.
2018-01-28T12:20:14.733346Z 0 [Note] InnoDB: Buffer pool(s) load completed at 180128 12:20:14
2018-01-28T12:20:14.735897Z 0 [Warning] CA certificate ca.pem is self signed.
2018-01-28T12:20:14.737957Z 0 [Note] Server hostname (bind-address): '*'; port: 3306
2018-01-28T12:20:14.738599Z 0 [Note] IPv6 is available.
2018-01-28T12:20:14.738960Z 0 [Note]   - '::' resolves to '::';
2018-01-28T12:20:14.739473Z 0 [Note] Server socket created on IP: '::'.
2018-01-28T12:20:14.748889Z 0 [Warning] 'user' entry 'root@localhost' ignored in --skip-name-resolve mode.
2018-01-28T12:20:14.749478Z 0 [Warning] 'user' entry 'mysql.session@localhost' ignored in --skip-name-resolve mode.
2018-01-28T12:20:14.749930Z 0 [Warning] 'user' entry 'mysql.sys@localhost' ignored in --skip-name-resolve mode.
2018-01-28T12:20:14.750488Z 0 [Warning] 'db' entry 'performance_schema mysql.session@localhost' ignored in --skip-name-resolve mode.
2018-01-28T12:20:14.750964Z 0 [Warning] 'db' entry 'sys mysql.sys@localhost' ignored in --skip-name-resolve mode.
2018-01-28T12:20:14.751471Z 0 [Warning] 'proxies_priv' entry '@ root@localhost' ignored in --skip-name-resolve mode.
2018-01-28T12:20:14.769147Z 0 [Warning] 'tables_priv' entry 'user mysql.session@localhost' ignored in --skip-name-resolve mode.
2018-01-28T12:20:14.769485Z 0 [Warning] 'tables_priv' entry 'sys_config mysql.sys@localhost' ignored in --skip-name-resolve mode.
2018-01-28T12:20:14.829660Z 0 [Note] Event Scheduler: Loaded 0 events
2018-01-28T12:20:14.830418Z 0 [Note] mysqld: ready for connections.
Version: '5.7.20'  socket: '/var/run/mysqld/mysqld.sock'  port: 3306  MySQL Community Server (GPL)
2018-01-28T12:20:14.830808Z 0 [Note] Executing 'SELECT * FROM INFORMATION_SCHEMA.TABLES;' to get a list of tables using the deprecated partition engine. You may use the startup option '--disable-partition-engine-check' to skip this check. 
2018-01-28T12:20:14.831017Z 0 [Note] Beginning of list of non-natively partitioned tables
2018-01-28T12:20:14.935729Z 0 [Note] End of list of non-natively partitioned tables
